This file contains any messages produced by compilers while
running configure, to aid debugging if configure makes a mistake.

It was created by configure, which was
generated by GNU Autoconf 2.61.  Invocation command line was

  $ ./configure --prefix=/major/aeheathc/lib/gdal --enable-static --with-threads --with-ogr --with-geos --without-libtool --without-ld-shared --with-libz=internal --with-libtiff=internal --with-geotiff=internal --without-pg --without-grass --without-libgrass --without-cfitsio --without-pcraster --without-netcdf --without-ogdi --without-fme --without-hdf4 --without-hdf5 --without-jasper --without-ecw --without-kakadu --without-mrsid --without-jp2mrsid --without-bsb --without-grib --without-dwgdirect --without-panorama --without-idb --without-sde --without-perl --without-php --without-ruby --without-python --without-ogpython --with-hide-internal-symbols

## --------- ##
## Platform. ##
## --------- ##

hostname = elm
uname -m = i686
uname -r = 2.6.25.10-86.fc9.i686
uname -s = Linux
uname -v = #1 SMP Mon Jul 7 20:46:03 EDT 2008

/usr/bin/uname -p = unknown
/bin/uname -X     = unknown

/bin/arch              = i686
/usr/bin/arch -k       = unknown
/usr/convex/getsysinfo = unknown
/usr/bin/hostinfo      = unknown
/bin/machine           = unknown
/usr/bin/oslevel       = unknown
/bin/universe          = unknown

PATH: /opt/sun/sunstudio12/bin
PATH: /usr/lib/qt-3.3/bin
PATH: /usr/kerberos/bin
PATH: /usr/java/j2sdk/bin
PATH: /usr/java/j2sdk/jre/bin
PATH: /usr/bin
PATH: /bin
PATH: /usr/X11R6/bin
PATH: /usr/local/bin
PATH: /usr/local.csl/bin
PATH: .
PATH: /major/aeheathc/bin
PATH: /opt/real/RealPlayer
PATH: /classes/cs1121/bin


## ----------- ##
## Core tests. ##
## ----------- ##

configure:2097: checking build system type
configure:2115: result: i686-pc-linux-gnu
configure:2137: checking host system type
configure:2152: result: i686-pc-linux-gnu
configure:2174: checking target system type
configure:2189: result: i686-pc-linux-gnu
configure:2266: checking for gcc
configure:2282: found /usr/bin/gcc
configure:2293: result: gcc
configure:2531: checking for C compiler version
configure:2538: gcc --version >&5
gcc (GCC) 4.3.0 20080428 (Red Hat 4.3.0-8)
Copyright (C) 2008 Free Software Foundation, Inc.
This is free software; see the source for copying conditions.  There is NO
warranty; not even for MERCHANTABILITY or FITNESS FOR A PARTICULAR PURPOSE.

configure:2541: $? = 0
configure:2548: gcc -v >&5
Using built-in specs.
Target: i386-redhat-linux
Configured with: ../configure --prefix=/usr --mandir=/usr/share/man --infodir=/usr/share/info --with-bugurl=http://bugzilla.redhat.com/bugzilla --enable-bootstrap --enable-shared --enable-threads=posix --enable-checking=release --with-system-zlib --enable-__cxa_atexit --disable-libunwind-exceptions --enable-languages=c,c++,objc,obj-c++,java,fortran,ada --enable-java-awt=gtk --disable-dssi --enable-plugin --with-java-home=/usr/lib/jvm/java-1.5.0-gcj-1.5.0.0/jre --enable-libgcj-multifile --enable-java-maintainer-mode --with-ecj-jar=/usr/share/java/eclipse-ecj.jar --disable-libjava-multilib --with-cpu=generic --build=i386-redhat-linux
Thread model: posix
gcc version 4.3.0 20080428 (Red Hat 4.3.0-8) (GCC) 
configure:2551: $? = 0
configure:2558: gcc -V >&5
gcc: '-V' option must have argument
configure:2561: $? = 1
configure:2584: checking for C compiler default output file name
configure:2611: gcc    conftest.c  >&5
configure:2614: $? = 0
configure:2652: result: a.out
configure:2669: checking whether the C compiler works
configure:2679: ./a.out
configure:2682: $? = 0
configure:2699: result: yes
configure:2706: checking whether we are cross compiling
configure:2708: result: no
configure:2711: checking for suffix of executables
configure:2718: gcc -o conftest    conftest.c  >&5
configure:2721: $? = 0
configure:2745: result: 
configure:2751: checking for suffix of object files
configure:2777: gcc -c   conftest.c >&5
configure:2780: $? = 0
configure:2803: result: o
configure:2807: checking whether we are using the GNU C compiler
configure:2836: gcc -c   conftest.c >&5
configure:2842: $? = 0
configure:2859: result: yes
configure:2864: checking whether gcc accepts -g
configure:2894: gcc -c -g  conftest.c >&5
configure:2900: $? = 0
configure:2999: result: yes
configure:3016: checking for gcc option to accept ISO C89
configure:3090: gcc  -c -g -O2  conftest.c >&5
configure:3096: $? = 0
configure:3119: result: none needed
configure:3138: checking C_WFLAGS for maximum warnings
configure:3175: gcc -c -g -O2 -pedantic -Wdeclaration-after-statement  -Wall -Wdeclaration-after-statement  conftest.c >&5
configure:3181: $? = 0
configure:3205: result: -Wall -Wdeclaration-after-statement
configure:3218: : C_WFLAGS="$C_WFLAGS $ac_cv_cflags_warn_all"
configure:3221: $? = 0
configure:3286: checking for g++
configure:3302: found /usr/bin/g++
configure:3313: result: g++
configure:3344: checking for C++ compiler version
configure:3351: g++ --version >&5
g++ (GCC) 4.3.0 20080428 (Red Hat 4.3.0-8)
Copyright (C) 2008 Free Software Foundation, Inc.
This is free software; see the source for copying conditions.  There is NO
warranty; not even for MERCHANTABILITY or FITNESS FOR A PARTICULAR PURPOSE.

configure:3354: $? = 0
configure:3361: g++ -v >&5
Using built-in specs.
Target: i386-redhat-linux
Configured with: ../configure --prefix=/usr --mandir=/usr/share/man --infodir=/usr/share/info --with-bugurl=http://bugzilla.redhat.com/bugzilla --enable-bootstrap --enable-shared --enable-threads=posix --enable-checking=release --with-system-zlib --enable-__cxa_atexit --disable-libunwind-exceptions --enable-languages=c,c++,objc,obj-c++,java,fortran,ada --enable-java-awt=gtk --disable-dssi --enable-plugin --with-java-home=/usr/lib/jvm/java-1.5.0-gcj-1.5.0.0/jre --enable-libgcj-multifile --enable-java-maintainer-mode --with-ecj-jar=/usr/share/java/eclipse-ecj.jar --disable-libjava-multilib --with-cpu=generic --build=i386-redhat-linux
Thread model: posix
gcc version 4.3.0 20080428 (Red Hat 4.3.0-8) (GCC) 
configure:3364: $? = 0
configure:3371: g++ -V >&5
g++: '-V' option must have argument
configure:3374: $? = 1
configure:3377: checking whether we are using the GNU C++ compiler
configure:3406: g++ -c   conftest.cpp >&5
configure:3412: $? = 0
configure:3429: result: yes
configure:3434: checking whether g++ accepts -g
configure:3464: g++ -c -g  conftest.cpp >&5
configure:3470: $? = 0
configure:3569: result: yes
configure:3593: checking CXX_WFLAGS for maximum warnings
configure:3630: g++ -c -g -O2 -pedantic  -Wall  conftest.cpp >&5
configure:3636: $? = 0
configure:3660: result: -Wall
configure:3673: : CXX_WFLAGS="$CXX_WFLAGS $ac_cv_cxxflags_warn_all"
configure:3676: $? = 0
configure:3736: checking for gcc
configure:3763: result: gcc
configure:4001: checking for C compiler version
configure:4008: gcc --version >&5
gcc (GCC) 4.3.0 20080428 (Red Hat 4.3.0-8)
Copyright (C) 2008 Free Software Foundation, Inc.
This is free software; see the source for copying conditions.  There is NO
warranty; not even for MERCHANTABILITY or FITNESS FOR A PARTICULAR PURPOSE.

configure:4011: $? = 0
configure:4018: gcc -v >&5
Using built-in specs.
Target: i386-redhat-linux
Configured with: ../configure --prefix=/usr --mandir=/usr/share/man --infodir=/usr/share/info --with-bugurl=http://bugzilla.redhat.com/bugzilla --enable-bootstrap --enable-shared --enable-threads=posix --enable-checking=release --with-system-zlib --enable-__cxa_atexit --disable-libunwind-exceptions --enable-languages=c,c++,objc,obj-c++,java,fortran,ada --enable-java-awt=gtk --disable-dssi --enable-plugin --with-java-home=/usr/lib/jvm/java-1.5.0-gcj-1.5.0.0/jre --enable-libgcj-multifile --enable-java-maintainer-mode --with-ecj-jar=/usr/share/java/eclipse-ecj.jar --disable-libjava-multilib --with-cpu=generic --build=i386-redhat-linux
Thread model: posix
gcc version 4.3.0 20080428 (Red Hat 4.3.0-8) (GCC) 
configure:4021: $? = 0
configure:4028: gcc -V >&5
gcc: '-V' option must have argument
configure:4031: $? = 1
configure:4034: checking whether we are using the GNU C compiler
configure:4086: result: yes
configure:4091: checking whether gcc accepts -g
configure:4226: result: yes
configure:4243: checking for gcc option to accept ISO C89
configure:4346: result: none needed
configure:4480: checking for C++ compiler version
configure:4487: g++ --version >&5
g++ (GCC) 4.3.0 20080428 (Red Hat 4.3.0-8)
Copyright (C) 2008 Free Software Foundation, Inc.
This is free software; see the source for copying conditions.  There is NO
warranty; not even for MERCHANTABILITY or FITNESS FOR A PARTICULAR PURPOSE.

configure:4490: $? = 0
configure:4497: g++ -v >&5
Using built-in specs.
Target: i386-redhat-linux
Configured with: ../configure --prefix=/usr --mandir=/usr/share/man --infodir=/usr/share/info --with-bugurl=http://bugzilla.redhat.com/bugzilla --enable-bootstrap --enable-shared --enable-threads=posix --enable-checking=release --with-system-zlib --enable-__cxa_atexit --disable-libunwind-exceptions --enable-languages=c,c++,objc,obj-c++,java,fortran,ada --enable-java-awt=gtk --disable-dssi --enable-plugin --with-java-home=/usr/lib/jvm/java-1.5.0-gcj-1.5.0.0/jre --enable-libgcj-multifile --enable-java-maintainer-mode --with-ecj-jar=/usr/share/java/eclipse-ecj.jar --disable-libjava-multilib --with-cpu=generic --build=i386-redhat-linux
Thread model: posix
gcc version 4.3.0 20080428 (Red Hat 4.3.0-8) (GCC) 
configure:4500: $? = 0
configure:4507: g++ -V >&5
g++: '-V' option must have argument
configure:4510: $? = 1
configure:4513: checking whether we are using the GNU C++ compiler
configure:4565: result: yes
configure:4570: checking whether g++ accepts -g
configure:4705: result: yes
configure:5177: checking for a sed that does not truncate output
configure:5256: result: /bin/sed
configure:5274: checking for grep that handles long lines and -e
configure:5348: result: /bin/grep
configure:5353: checking for egrep
configure:5431: result: /bin/grep -E
configure:5436: checking for fgrep
configure:5514: result: /bin/grep -F
configure:5549: checking for ld used by gcc
configure:5616: result: /usr/bin/ld
configure:5625: checking if the linker (/usr/bin/ld) is GNU ld
configure:5640: result: yes
configure:5653: checking for BSD- or MS-compatible name lister (nm)
configure:5702: result: /usr/bin/nm -B
configure:5824: checking the name lister (/usr/bin/nm -B) interface
configure:5831: gcc -c -g -O2  conftest.c >&5
configure:5834: /usr/bin/nm -B "conftest.o"
configure:5837: output
00000000 B some_variable
configure:5844: result: BSD nm
configure:5847: checking whether ln -s works
configure:5851: result: yes
configure:5859: checking the maximum length of command line arguments
configure:5973: result: 32768
configure:5991: checking whether the shell understands some XSI constructs
configure:5999: result: yes
configure:6003: checking whether the shell understands "+="
configure:6009: result: yes
configure:6044: checking for /usr/bin/ld option to reload object files
configure:6051: result: -r
configure:6078: checking how to recognize dependent libraries
configure:6268: result: pass_all
configure:6328: checking for ar
configure:6344: found /usr/bin/ar
configure:6355: result: ar
configure:6437: checking for strip
configure:6453: found /usr/bin/strip
configure:6464: result: strip
configure:6540: checking for ranlib
configure:6556: found /usr/bin/ranlib
configure:6567: result: ranlib
configure:6661: checking command to parse /usr/bin/nm -B output from gcc object
configure:6778: gcc -c -g -O2  conftest.c >&5
configure:6781: $? = 0
configure:6785: /usr/bin/nm -B conftest.o \| sed -n -e 's/^.*[	 ]\([ABCDGIRSTW][ABCDGIRSTW]*\)[	 ][	 ]*\([_A-Za-z][_A-Za-z0-9]*\)$/\1 \2 \2/p' \> conftest.nm
configure:6788: $? = 0
configure:6842: gcc -o conftest -g -O2   conftest.c conftstm.o >&5
configure:6845: $? = 0
configure:6883: result: ok
configure:7122: checking how to run the C preprocessor
configure:7162: gcc -E  conftest.c
configure:7168: $? = 0
configure:7199: gcc -E  conftest.c
conftest.c:8:28: error: ac_nonexistent.h: No such file or directory
configure:7205: $? = 1
configure: failed program was:
| /* confdefs.h.  */
| #define PACKAGE_NAME ""
| #define PACKAGE_TARNAME ""
| #define PACKAGE_VERSION ""
| #define PACKAGE_STRING ""
| #define PACKAGE_BUGREPORT ""
| /* end confdefs.h.  */
| #include <ac_nonexistent.h>
configure:7238: result: gcc -E
configure:7267: gcc -E  conftest.c
configure:7273: $? = 0
configure:7304: gcc -E  conftest.c
conftest.c:8:28: error: ac_nonexistent.h: No such file or directory
configure:7310: $? = 1
configure: failed program was:
| /* confdefs.h.  */
| #define PACKAGE_NAME ""
| #define PACKAGE_TARNAME ""
| #define PACKAGE_VERSION ""
| #define PACKAGE_STRING ""
| #define PACKAGE_BUGREPORT ""
| /* end confdefs.h.  */
| #include <ac_nonexistent.h>
configure:7348: checking for ANSI C header files
configure:7378: gcc -c -g -O2  conftest.c >&5
configure:7384: $? = 0
configure:7483: gcc -o conftest -g -O2   conftest.c  >&5
configure:7486: $? = 0
configure:7492: ./conftest
configure:7495: $? = 0
configure:7512: result: yes
configure:7536: checking for sys/types.h
configure:7557: gcc -c -g -O2  conftest.c >&5
configure:7563: $? = 0
configure:7579: result: yes
configure:7536: checking for sys/stat.h
configure:7557: gcc -c -g -O2  conftest.c >&5
configure:7563: $? = 0
configure:7579: result: yes
configure:7536: checking for stdlib.h
configure:7557: gcc -c -g -O2  conftest.c >&5
configure:7563: $? = 0
configure:7579: result: yes
configure:7536: checking for string.h
configure:7557: gcc -c -g -O2  conftest.c >&5
configure:7563: $? = 0
configure:7579: result: yes
configure:7536: checking for memory.h
configure:7557: gcc -c -g -O2  conftest.c >&5
configure:7563: $? = 0
configure:7579: result: yes
configure:7536: checking for strings.h
configure:7557: gcc -c -g -O2  conftest.c >&5
configure:7563: $? = 0
configure:7579: result: yes
configure:7536: checking for inttypes.h
configure:7557: gcc -c -g -O2  conftest.c >&5
configure:7563: $? = 0
configure:7579: result: yes
configure:7536: checking for stdint.h
configure:7557: gcc -c -g -O2  conftest.c >&5
configure:7563: $? = 0
configure:7579: result: yes
configure:7536: checking for unistd.h
configure:7557: gcc -c -g -O2  conftest.c >&5
configure:7563: $? = 0
configure:7579: result: yes
configure:7595: checking for dlfcn.h
configure:7616: gcc -c -g -O2  conftest.c >&5
configure:7622: $? = 0
configure:7638: result: yes
configure:7767: checking for C++ compiler version
configure:7774: g++ --version >&5
g++ (GCC) 4.3.0 20080428 (Red Hat 4.3.0-8)
Copyright (C) 2008 Free Software Foundation, Inc.
This is free software; see the source for copying conditions.  There is NO
warranty; not even for MERCHANTABILITY or FITNESS FOR A PARTICULAR PURPOSE.

configure:7777: $? = 0
configure:7784: g++ -v >&5
Using built-in specs.
Target: i386-redhat-linux
Configured with: ../configure --prefix=/usr --mandir=/usr/share/man --infodir=/usr/share/info --with-bugurl=http://bugzilla.redhat.com/bugzilla --enable-bootstrap --enable-shared --enable-threads=posix --enable-checking=release --with-system-zlib --enable-__cxa_atexit --disable-libunwind-exceptions --enable-languages=c,c++,objc,obj-c++,java,fortran,ada --enable-java-awt=gtk --disable-dssi --enable-plugin --with-java-home=/usr/lib/jvm/java-1.5.0-gcj-1.5.0.0/jre --enable-libgcj-multifile --enable-java-maintainer-mode --with-ecj-jar=/usr/share/java/eclipse-ecj.jar --disable-libjava-multilib --with-cpu=generic --build=i386-redhat-linux
Thread model: posix
gcc version 4.3.0 20080428 (Red Hat 4.3.0-8) (GCC) 
configure:7787: $? = 0
configure:7794: g++ -V >&5
g++: '-V' option must have argument
configure:7797: $? = 1
configure:7800: checking whether we are using the GNU C++ compiler
configure:7852: result: yes
configure:7857: checking whether g++ accepts -g
configure:7992: result: yes
configure:8023: checking how to run the C++ preprocessor
configure:8059: g++ -E  conftest.cpp
configure:8065: $? = 0
configure:8096: g++ -E  conftest.cpp
conftest.cpp:19:28: error: ac_nonexistent.h: No such file or directory
configure:8102: $? = 1
configure: failed program was:
| /* confdefs.h.  */
| #define PACKAGE_NAME ""
| #define PACKAGE_TARNAME ""
| #define PACKAGE_VERSION ""
| #define PACKAGE_STRING ""
| #define PACKAGE_BUGREPORT ""
| #define STDC_HEADERS 1
| #define HAVE_SYS_TYPES_H 1
| #define HAVE_SYS_STAT_H 1
| #define HAVE_STDLIB_H 1
| #define HAVE_STRING_H 1
| #define HAVE_MEMORY_H 1
| #define HAVE_STRINGS_H 1
| #define HAVE_INTTYPES_H 1
| #define HAVE_STDINT_H 1
| #define HAVE_UNISTD_H 1
| #define HAVE_DLFCN_H 1
| /* end confdefs.h.  */
| #include <ac_nonexistent.h>
configure:8135: result: g++ -E
configure:8164: g++ -E  conftest.cpp
configure:8170: $? = 0
configure:8201: g++ -E  conftest.cpp
conftest.cpp:19:28: error: ac_nonexistent.h: No such file or directory
configure:8207: $? = 1
configure: failed program was:
| /* confdefs.h.  */
| #define PACKAGE_NAME ""
| #define PACKAGE_TARNAME ""
| #define PACKAGE_VERSION ""
| #define PACKAGE_STRING ""
| #define PACKAGE_BUGREPORT ""
| #define STDC_HEADERS 1
| #define HAVE_SYS_TYPES_H 1
| #define HAVE_SYS_STAT_H 1
| #define HAVE_STDLIB_H 1
| #define HAVE_STRING_H 1
| #define HAVE_MEMORY_H 1
| #define HAVE_STRINGS_H 1
| #define HAVE_INTTYPES_H 1
| #define HAVE_STDINT_H 1
| #define HAVE_UNISTD_H 1
| #define HAVE_DLFCN_H 1
| /* end confdefs.h.  */
| #include <ac_nonexistent.h>
configure:8296: checking for objdir
configure:8311: result: .libs
configure:8607: checking if gcc supports -fno-rtti -fno-exceptions
configure:8625: gcc -c -g -O2  -fno-rtti -fno-exceptions conftest.c >&5
cc1: warning: command line option "-fno-rtti" is valid for C++/ObjC++ but not for C
configure:8629: $? = 0
configure:8642: result: no
configure:8662: checking for gcc option to produce PIC
configure:8917: result: -fPIC -DPIC
configure:8929: checking if gcc PIC flag -fPIC -DPIC works
configure:8947: gcc -c -g -O2  -fPIC -DPIC -DPIC conftest.c >&5
configure:8951: $? = 0
configure:8964: result: yes
configure:8988: checking if gcc static flag -static works
configure:9016: result: yes
configure:9031: checking if gcc supports -c -o file.o
configure:9052: gcc -c -g -O2  -o out/conftest2.o conftest.c >&5
configure:9056: $? = 0
configure:9078: result: yes
configure:9086: checking if gcc supports -c -o file.o
configure:9133: result: yes
configure:9166: checking whether the gcc linker (/usr/bin/ld) supports shared libraries
configure:10244: result: yes
configure:10281: checking whether -lc should be explicitly linked in
configure:10286: gcc -c -g -O2  conftest.c >&5
configure:10289: $? = 0
configure:10304: gcc -shared conftest.o  -v -Wl,-soname -Wl,conftest -o conftest 2\>\&1 \| /bin/grep  -lc  \>/dev/null 2\>\&1
configure:10307: $? = 0
configure:10319: result: no
configure:10483: checking dynamic linker characteristics
configure:10921: gcc -o conftest -g -O2   -Wl,-rpath -Wl,/foo conftest.c  >&5
configure:10927: $? = 0
configure:11157: result: GNU/Linux ld.so
configure:11252: checking how to hardcode library paths into programs
configure:11277: result: immediate
configure:12090: checking whether stripping libraries is possible
configure:12095: result: yes
configure:12130: checking if libtool supports shared libraries
configure:12132: result: yes
configure:12135: checking whether to build shared libraries
configure:12156: result: yes
configure:12159: checking whether to build static libraries
configure:12163: result: yes
configure:12313: checking for ld used by g++
configure:12380: result: /usr/bin/ld
configure:12389: checking if the linker (/usr/bin/ld) is GNU ld
configure:12404: result: yes
configure:12459: checking whether the g++ linker (/usr/bin/ld) supports shared libraries
configure:13454: result: yes
configure:13482: g++ -c -g -O2  conftest.cpp >&5
configure:13485: $? = 0
configure:13663: checking for g++ option to produce PIC
configure:13968: result: -fPIC -DPIC
configure:13977: checking if g++ PIC flag -fPIC -DPIC works
configure:13995: g++ -c -g -O2  -fPIC -DPIC -DPIC conftest.cpp >&5
configure:13999: $? = 0
configure:14012: result: yes
configure:14033: checking if g++ static flag -static works
configure:14061: result: yes
configure:14073: checking if g++ supports -c -o file.o
configure:14094: g++ -c -g -O2  -o out/conftest2.o conftest.cpp >&5
configure:14098: $? = 0
configure:14120: result: yes
configure:14125: checking if g++ supports -c -o file.o
configure:14172: result: yes
configure:14202: checking whether the g++ linker (/usr/bin/ld) supports shared libraries
configure:14227: result: yes
configure:14364: checking dynamic linker characteristics
configure:14750: g++ -o conftest -g -O2   -Wl,-rpath -Wl,/foo conftest.cpp  >&5
configure:14756: $? = 0
configure:14986: result: GNU/Linux ld.so
configure:15030: checking how to hardcode library paths into programs
configure:15055: result: immediate
configure:15165: checking for ranlib
configure:15192: result: ranlib
configure:15376: checking for dlopen in -ldl
configure:15411: gcc -o conftest -g -O2 -fPIC   conftest.c -ldl   >&5
configure:15417: $? = 0
configure:15435: result: yes
configure:15448: checking for nanosleep in -lrt
configure:15483: gcc -o conftest -g -O2 -fPIC   conftest.c -lrt  -ldl  >&5
configure:15489: $? = 0
configure:15507: result: yes
configure:15524: checking for sin in -lm
configure:15559: gcc -o conftest -g -O2 -fPIC   conftest.c -lm  -lrt -ldl  >&5
conftest.c:29: warning: conflicting types for built-in function 'sin'
configure:15565: $? = 0
configure:15583: result: yes
configure:15597: checking for ANSI C header files
configure:15761: result: yes
configure:15797: checking assert.h usability
configure:15814: gcc -c -g -O2 -fPIC  conftest.c >&5
configure:15820: $? = 0
configure:15834: result: yes
configure:15838: checking assert.h presence
configure:15853: gcc -E  conftest.c
configure:15859: $? = 0
configure:15873: result: yes
configure:15901: checking for assert.h
configure:15909: result: yes
configure:15797: checking fcntl.h usability
configure:15814: gcc -c -g -O2 -fPIC  conftest.c >&5
configure:15820: $? = 0
configure:15834: result: yes
configure:15838: checking fcntl.h presence
configure:15853: gcc -E  conftest.c
configure:15859: $? = 0
configure:15873: result: yes
configure:15901: checking for fcntl.h
configure:15909: result: yes
configure:15787: checking for unistd.h
configure:15793: result: yes
configure:15797: checking dbmalloc.h usability
configure:15814: gcc -c -g -O2 -fPIC  conftest.c >&5
conftest.c:60:22: error: dbmalloc.h: No such file or directory
configure:15820: $? = 1
configure: failed program was:
| /* confdefs.h.  */
| #define PACKAGE_NAME ""
| #define PACKAGE_TARNAME ""
| #define PACKAGE_VERSION ""
| #define PACKAGE_STRING ""
| #define PACKAGE_BUGREPORT ""
| #define STDC_HEADERS 1
| #define HAVE_SYS_TYPES_H 1
| #define HAVE_SYS_STAT_H 1
| #define HAVE_STDLIB_H 1
| #define HAVE_STRING_H 1
| #define HAVE_MEMORY_H 1
| #define HAVE_STRINGS_H 1
| #define HAVE_INTTYPES_H 1
| #define HAVE_STDINT_H 1
| #define HAVE_UNISTD_H 1
| #define HAVE_DLFCN_H 1
| #define LT_OBJDIR ".libs/"
| #define HAVE_LIBDL 1
| #define HAVE_LIBRT 1
| #define HAVE_LIBM 1
| #define STDC_HEADERS 1
| #define HAVE_ASSERT_H 1
| #define HAVE_FCNTL_H 1
| #define HAVE_UNISTD_H 1
| /* end confdefs.h.  */
| #include <stdio.h>
| #ifdef HAVE_SYS_TYPES_H
| # include <sys/types.h>
| #endif
| #ifdef HAVE_SYS_STAT_H
| # include <sys/stat.h>
| #endif
| #ifdef STDC_HEADERS
| # include <stdlib.h>
| # include <stddef.h>
| #else
| # ifdef HAVE_STDLIB_H
| #  include <stdlib.h>
| # endif
| #endif
| #ifdef HAVE_STRING_H
| # if !defined STDC_HEADERS && defined HAVE_MEMORY_H
| #  include <memory.h>
| # endif
| # include <string.h>
| #endif
| #ifdef HAVE_STRINGS_H
| # include <strings.h>
| #endif
| #ifdef HAVE_INTTYPES_H
| # include <inttypes.h>
| #endif
| #ifdef HAVE_STDINT_H
| # include <stdint.h>
| #endif
| #ifdef HAVE_UNISTD_H
| # include <unistd.h>
| #endif
| #include <dbmalloc.h>
configure:15834: result: no
configure:15838: checking dbmalloc.h presence
configure:15853: gcc -E  conftest.c
conftest.c:27:22: error: dbmalloc.h: No such file or directory
configure:15859: $? = 1
configure: failed program was:
| /* confdefs.h.  */
| #define PACKAGE_NAME ""
| #define PACKAGE_TARNAME ""
| #define PACKAGE_VERSION ""
| #define PACKAGE_STRING ""
| #define PACKAGE_BUGREPORT ""
| #define STDC_HEADERS 1
| #define HAVE_SYS_TYPES_H 1
| #define HAVE_SYS_STAT_H 1
| #define HAVE_STDLIB_H 1
| #define HAVE_STRING_H 1
| #define HAVE_MEMORY_H 1
| #define HAVE_STRINGS_H 1
| #define HAVE_INTTYPES_H 1
| #define HAVE_STDINT_H 1
| #define HAVE_UNISTD_H 1
| #define HAVE_DLFCN_H 1
| #define LT_OBJDIR ".libs/"
| #define HAVE_LIBDL 1
| #define HAVE_LIBRT 1
| #define HAVE_LIBM 1
| #define STDC_HEADERS 1
| #define HAVE_ASSERT_H 1
| #define HAVE_FCNTL_H 1
| #define HAVE_UNISTD_H 1
| /* end confdefs.h.  */
| #include <dbmalloc.h>
configure:15873: result: no
configure:15901: checking for dbmalloc.h
configure:15909: result: no
configure:15787: checking for dlfcn.h
configure:15793: result: yes
configure:15787: checking for stdint.h
configure:15793: result: yes
configure:15797: checking limits.h usability
configure:15814: gcc -c -g -O2 -fPIC  conftest.c >&5
configure:15820: $? = 0
configure:15834: result: yes
configure:15838: checking limits.h presence
configure:15853: gcc -E  conftest.c
configure:15859: $? = 0
configure:15873: result: yes
configure:15901: checking for limits.h
configure:15909: result: yes
configure:15797: checking locale.h usability
configure:15814: gcc -c -g -O2 -fPIC  conftest.c >&5
configure:15820: $? = 0
configure:15834: result: yes
configure:15838: checking locale.h presence
configure:15853: gcc -E  conftest.c
configure:15859: $? = 0
configure:15873: result: yes
configure:15901: checking for locale.h
configure:15909: result: yes
configure:15797: checking values.h usability
configure:15814: gcc -c -g -O2 -fPIC  conftest.c >&5
configure:15820: $? = 0
configure:15834: result: yes
configure:15838: checking values.h presence
configure:15853: gcc -E  conftest.c
configure:15859: $? = 0
configure:15873: result: yes
configure:15901: checking for values.h
configure:15909: result: yes
configure:15797: checking float.h usability
configure:15814: gcc -c -g -O2 -fPIC  conftest.c >&5
configure:15820: $? = 0
configure:15834: result: yes
configure:15838: checking float.h presence
configure:15853: gcc -E  conftest.c
configure:15859: $? = 0
configure:15873: result: yes
configure:15901: checking for float.h
configure:15909: result: yes
configure:15797: checking errno.h usability
configure:15814: gcc -c -g -O2 -fPIC  conftest.c >&5
configure:15820: $? = 0
configure:15834: result: yes
configure:15838: checking errno.h presence
configure:15853: gcc -E  conftest.c
configure:15859: $? = 0
configure:15873: result: yes
configure:15901: checking for errno.h
configure:15909: result: yes
configure:15797: checking direct.h usability
configure:15814: gcc -c -g -O2 -fPIC  conftest.c >&5
conftest.c:67:20: error: direct.h: No such file or directory
configure:15820: $? = 1
configure: failed program was:
| /* confdefs.h.  */
| #define PACKAGE_NAME ""
| #define PACKAGE_TARNAME ""
| #define PACKAGE_VERSION ""
| #define PACKAGE_STRING ""
| #define PACKAGE_BUGREPORT ""
| #define STDC_HEADERS 1
| #define HAVE_SYS_TYPES_H 1
| #define HAVE_SYS_STAT_H 1
| #define HAVE_STDLIB_H 1
| #define HAVE_STRING_H 1
| #define HAVE_MEMORY_H 1
| #define HAVE_STRINGS_H 1
| #define HAVE_INTTYPES_H 1
| #define HAVE_STDINT_H 1
| #define HAVE_UNISTD_H 1
| #define HAVE_DLFCN_H 1
| #define LT_OBJDIR ".libs/"
| #define HAVE_LIBDL 1
| #define HAVE_LIBRT 1
| #define HAVE_LIBM 1
| #define STDC_HEADERS 1
| #define HAVE_ASSERT_H 1
| #define HAVE_FCNTL_H 1
| #define HAVE_UNISTD_H 1
| #define HAVE_DLFCN_H 1
| #define HAVE_STDINT_H 1
| #define HAVE_LIMITS_H 1
| #define HAVE_LOCALE_H 1
| #define HAVE_VALUES_H 1
| #define HAVE_FLOAT_H 1
| #define HAVE_ERRNO_H 1
| /* end confdefs.h.  */
| #include <stdio.h>
| #ifdef HAVE_SYS_TYPES_H
| # include <sys/types.h>
| #endif
| #ifdef HAVE_SYS_STAT_H
| # include <sys/stat.h>
| #endif
| #ifdef STDC_HEADERS
| # include <stdlib.h>
| # include <stddef.h>
| #else
| # ifdef HAVE_STDLIB_H
| #  include <stdlib.h>
| # endif
| #endif
| #ifdef HAVE_STRING_H
| # if !defined STDC_HEADERS && defined HAVE_MEMORY_H
| #  include <memory.h>
| # endif
| # include <string.h>
| #endif
| #ifdef HAVE_STRINGS_H
| # include <strings.h>
| #endif
| #ifdef HAVE_INTTYPES_H
| # include <inttypes.h>
| #endif
| #ifdef HAVE_STDINT_H
| # include <stdint.h>
| #endif
| #ifdef HAVE_UNISTD_H
| # include <unistd.h>
| #endif
| #include <direct.h>
configure:15834: result: no
configure:15838: checking direct.h presence
configure:15853: gcc -E  conftest.c
conftest.c:34:20: error: direct.h: No such file or directory
configure:15859: $? = 1
configure: failed program was:
| /* confdefs.h.  */
| #define PACKAGE_NAME ""
| #define PACKAGE_TARNAME ""
| #define PACKAGE_VERSION ""
| #define PACKAGE_STRING ""
| #define PACKAGE_BUGREPORT ""
| #define STDC_HEADERS 1
| #define HAVE_SYS_TYPES_H 1
| #define HAVE_SYS_STAT_H 1
| #define HAVE_STDLIB_H 1
| #define HAVE_STRING_H 1
| #define HAVE_MEMORY_H 1
| #define HAVE_STRINGS_H 1
| #define HAVE_INTTYPES_H 1
| #define HAVE_STDINT_H 1
| #define HAVE_UNISTD_H 1
| #define HAVE_DLFCN_H 1
| #define LT_OBJDIR ".libs/"
| #define HAVE_LIBDL 1
| #define HAVE_LIBRT 1
| #define HAVE_LIBM 1
| #define STDC_HEADERS 1
| #define HAVE_ASSERT_H 1
| #define HAVE_FCNTL_H 1
| #define HAVE_UNISTD_H 1
| #define HAVE_DLFCN_H 1
| #define HAVE_STDINT_H 1
| #define HAVE_LIMITS_H 1
| #define HAVE_LOCALE_H 1
| #define HAVE_VALUES_H 1
| #define HAVE_FLOAT_H 1
| #define HAVE_ERRNO_H 1
| /* end confdefs.h.  */
| #include <direct.h>
configure:15873: result: no
configure:15901: checking for direct.h
configure:15909: result: no
configure:15923: checking whether byte ordering is bigendian
configure:15956: gcc -c -g -O2 -fPIC  conftest.c >&5
configure:15962: $? = 0
configure:15994: gcc -c -g -O2 -fPIC  conftest.c >&5
conftest.c: In function 'main':
conftest.c:41: error: 'not' undeclared (first use in this function)
conftest.c:41: error: (Each undeclared identifier is reported only once
conftest.c:41: error: for each function it appears in.)
conftest.c:41: error: expected ';' before 'big'
configure:16000: $? = 1
configure: failed program was:
| /* confdefs.h.  */
| #define PACKAGE_NAME ""
| #define PACKAGE_TARNAME ""
| #define PACKAGE_VERSION ""
| #define PACKAGE_STRING ""
| #define PACKAGE_BUGREPORT ""
| #define STDC_HEADERS 1
| #define HAVE_SYS_TYPES_H 1
| #define HAVE_SYS_STAT_H 1
| #define HAVE_STDLIB_H 1
| #define HAVE_STRING_H 1
| #define HAVE_MEMORY_H 1
| #define HAVE_STRINGS_H 1
| #define HAVE_INTTYPES_H 1
| #define HAVE_STDINT_H 1
| #define HAVE_UNISTD_H 1
| #define HAVE_DLFCN_H 1
| #define LT_OBJDIR ".libs/"
| #define HAVE_LIBDL 1
| #define HAVE_LIBRT 1
| #define HAVE_LIBM 1
| #define STDC_HEADERS 1
| #define HAVE_ASSERT_H 1
| #define HAVE_FCNTL_H 1
| #define HAVE_UNISTD_H 1
| #define HAVE_DLFCN_H 1
| #define HAVE_STDINT_H 1
| #define HAVE_LIMITS_H 1
| #define HAVE_LOCALE_H 1
| #define HAVE_VALUES_H 1
| #define HAVE_FLOAT_H 1
| #define HAVE_ERRNO_H 1
| /* end confdefs.h.  */
| #include <sys/types.h>
| #include <sys/param.h>
| 
| int
| main ()
| {
| #if BYTE_ORDER != BIG_ENDIAN
|  not big endian
| #endif
| 
|   ;
|   return 0;
| }
configure:16140: result: no
configure:16161: checking for 64bit integer type
configure:16171: result: long long
configure:16187: checking for 64bit file io
configure:16248: result: yes
configure:16251: checking for stat64
configure:16307: gcc -o conftest -g -O2 -fPIC   conftest.c -lm -lrt -ldl  >&5
configure:16313: $? = 0
configure:16330: result: yes
configure:16338: checking for fopen64
configure:16394: gcc -o conftest -g -O2 -fPIC   conftest.c -lm -lrt -ldl  >&5
configure:16400: $? = 0
configure:16417: result: yes
configure:16470: checking for int
configure:16500: gcc -c -g -O2 -fPIC  conftest.c >&5
configure:16506: $? = 0
configure:16521: result: yes
configure:16528: checking size of int
configure:16830: gcc -o conftest -g -O2 -fPIC   conftest.c -lm -lrt -ldl  >&5
configure:16833: $? = 0
configure:16839: ./conftest
configure:16842: $? = 0
configure:16865: result: 4
configure:16875: checking for long
configure:16905: gcc -c -g -O2 -fPIC  conftest.c >&5
configure:16911: $? = 0
configure:16926: result: yes
configure:16933: checking size of long
configure:17235: gcc -o conftest -g -O2 -fPIC   conftest.c -lm -lrt -ldl  >&5
configure:17238: $? = 0
configure:17244: ./conftest
configure:17247: $? = 0
configure:17270: result: 4
configure:17280: checking for unsigned long
configure:17310: gcc -c -g -O2 -fPIC  conftest.c >&5
configure:17316: $? = 0
configure:17331: result: yes
configure:17338: checking size of unsigned long
configure:17640: gcc -o conftest -g -O2 -fPIC   conftest.c -lm -lrt -ldl  >&5
configure:17643: $? = 0
configure:17649: ./conftest
configure:17652: $? = 0
configure:17675: result: 4
configure:17685: checking for void*
configure:17715: gcc -c -g -O2 -fPIC  conftest.c >&5
configure:17721: $? = 0
configure:17736: result: yes
configure:17743: checking size of void*
configure:18045: gcc -o conftest -g -O2 -fPIC   conftest.c -lm -lrt -ldl  >&5
configure:18048: $? = 0
configure:18054: ./conftest
configure:18057: $? = 0
configure:18080: result: 4
configure:18090: checking for int8
configure:18125: gcc -c -g -O2 -fPIC  conftest.c >&5
conftest.c:52: error: expected '=', ',', ';', 'asm' or '__attribute__' before 'ac__type_new_'
conftest.c: In function 'main':
conftest.c:56: error: 'ac__type_new_' undeclared (first use in this function)
conftest.c:56: error: (Each undeclared identifier is reported only once
conftest.c:56: error: for each function it appears in.)
conftest.c:56: error: expected expression before ')' token
configure:18131: $? = 1
configure: failed program was:
| /* confdefs.h.  */
| #define PACKAGE_NAME ""
| #define PACKAGE_TARNAME ""
| #define PACKAGE_VERSION ""
| #define PACKAGE_STRING ""
| #define PACKAGE_BUGREPORT ""
| #define STDC_HEADERS 1
| #define HAVE_SYS_TYPES_H 1
| #define HAVE_SYS_STAT_H 1
| #define HAVE_STDLIB_H 1
| #define HAVE_STRING_H 1
| #define HAVE_MEMORY_H 1
| #define HAVE_STRINGS_H 1
| #define HAVE_INTTYPES_H 1
| #define HAVE_STDINT_H 1
| #define HAVE_UNISTD_H 1
| #define HAVE_DLFCN_H 1
| #define LT_OBJDIR ".libs/"
| #define HAVE_LIBDL 1
| #define HAVE_LIBRT 1
| #define HAVE_LIBM 1
| #define STDC_HEADERS 1
| #define HAVE_ASSERT_H 1
| #define HAVE_FCNTL_H 1
| #define HAVE_UNISTD_H 1
| #define HAVE_DLFCN_H 1
| #define HAVE_STDINT_H 1
| #define HAVE_LIMITS_H 1
| #define HAVE_LOCALE_H 1
| #define HAVE_VALUES_H 1
| #define HAVE_FLOAT_H 1
| #define HAVE_ERRNO_H 1
| #define HAVE_LONG_LONG 1
| #define UNIX_STDIO_64 1
| #define VSI_LARGE_API_SUPPORTED 1
| #define VSI_FTELL64 ftello64
| #define VSI_FSEEK64 fseeko64
| #define VSI_STAT64 stat64
| #define VSI_STAT64_T stat64
| #define VSI_FOPEN64 fopen64
| #define SIZEOF_INT 4
| #define SIZEOF_LONG 4
| #define SIZEOF_UNSIGNED_LONG 4
| #define SIZEOF_VOIDP 4
| /* end confdefs.h.  */
| 
| #if HAVE_INTTYPES_H
| # include <inttypes.h>
| #endif
| 
| 
| typedef int8 ac__type_new_;
| int
| main ()
| {
| if ((ac__type_new_ *) 0)
|   return 0;
| if (sizeof (ac__type_new_))
|   return 0;
|   ;
|   return 0;
| }
configure:18146: result: no
configure:18156: checking for int16
configure:18191: gcc -c -g -O2 -fPIC  conftest.c >&5
conftest.c:52: error: expected '=', ',', ';', 'asm' or '__attribute__' before 'ac__type_new_'
conftest.c: In function 'main':
conftest.c:56: error: 'ac__type_new_' undeclared (first use in this function)
conftest.c:56: error: (Each undeclared identifier is reported only once
conftest.c:56: error: for each function it appears in.)
conftest.c:56: error: expected expression before ')' token
configure:18197: $? = 1
configure: failed program was:
| /* confdefs.h.  */
| #define PACKAGE_NAME ""
| #define PACKAGE_TARNAME ""
| #define PACKAGE_VERSION ""
| #define PACKAGE_STRING ""
| #define PACKAGE_BUGREPORT ""
| #define STDC_HEADERS 1
| #define HAVE_SYS_TYPES_H 1
| #define HAVE_SYS_STAT_H 1
| #define HAVE_STDLIB_H 1
| #define HAVE_STRING_H 1
| #define HAVE_MEMORY_H 1
| #define HAVE_STRINGS_H 1
| #define HAVE_INTTYPES_H 1
| #define HAVE_STDINT_H 1
| #define HAVE_UNISTD_H 1
| #define HAVE_DLFCN_H 1
| #define LT_OBJDIR ".libs/"
| #define HAVE_LIBDL 1
| #define HAVE_LIBRT 1
| #define HAVE_LIBM 1
| #define STDC_HEADERS 1
| #define HAVE_ASSERT_H 1
| #define HAVE_FCNTL_H 1
| #define HAVE_UNISTD_H 1
| #define HAVE_DLFCN_H 1
| #define HAVE_STDINT_H 1
| #define HAVE_LIMITS_H 1
| #define HAVE_LOCALE_H 1
| #define HAVE_VALUES_H 1
| #define HAVE_FLOAT_H 1
| #define HAVE_ERRNO_H 1
| #define HAVE_LONG_LONG 1
| #define UNIX_STDIO_64 1
| #define VSI_LARGE_API_SUPPORTED 1
| #define VSI_FTELL64 ftello64
| #define VSI_FSEEK64 fseeko64
| #define VSI_STAT64 stat64
| #define VSI_STAT64_T stat64
| #define VSI_FOPEN64 fopen64
| #define SIZEOF_INT 4
| #define SIZEOF_LONG 4
| #define SIZEOF_UNSIGNED_LONG 4
| #define SIZEOF_VOIDP 4
| /* end confdefs.h.  */
| 
| #if HAVE_INTTYPES_H
| # include <inttypes.h>
| #endif
| 
| 
| typedef int16 ac__type_new_;
| int
| main ()
| {
| if ((ac__type_new_ *) 0)
|   return 0;
| if (sizeof (ac__type_new_))
|   return 0;
|   ;
|   return 0;
| }
configure:18212: result: no
configure:18222: checking for int32
configure:18257: gcc -c -g -O2 -fPIC  conftest.c >&5
conftest.c:52: error: expected '=', ',', ';', 'asm' or '__attribute__' before 'ac__type_new_'
conftest.c: In function 'main':
conftest.c:56: error: 'ac__type_new_' undeclared (first use in this function)
conftest.c:56: error: (Each undeclared identifier is reported only once
conftest.c:56: error: for each function it appears in.)
conftest.c:56: error: expected expression before ')' token
configure:18263: $? = 1
configure: failed program was:
| /* confdefs.h.  */
| #define PACKAGE_NAME ""
| #define PACKAGE_TARNAME ""
| #define PACKAGE_VERSION ""
| #define PACKAGE_STRING ""
| #define PACKAGE_BUGREPORT ""
| #define STDC_HEADERS 1
| #define HAVE_SYS_TYPES_H 1
| #define HAVE_SYS_STAT_H 1
| #define HAVE_STDLIB_H 1
| #define HAVE_STRING_H 1
| #define HAVE_MEMORY_H 1
| #define HAVE_STRINGS_H 1
| #define HAVE_INTTYPES_H 1
| #define HAVE_STDINT_H 1
| #define HAVE_UNISTD_H 1
| #define HAVE_DLFCN_H 1
| #define LT_OBJDIR ".libs/"
| #define HAVE_LIBDL 1
| #define HAVE_LIBRT 1
| #define HAVE_LIBM 1
| #define STDC_HEADERS 1
| #define HAVE_ASSERT_H 1
| #define HAVE_FCNTL_H 1
| #define HAVE_UNISTD_H 1
| #define HAVE_DLFCN_H 1
| #define HAVE_STDINT_H 1
| #define HAVE_LIMITS_H 1
| #define HAVE_LOCALE_H 1
| #define HAVE_VALUES_H 1
| #define HAVE_FLOAT_H 1
| #define HAVE_ERRNO_H 1
| #define HAVE_LONG_LONG 1
| #define UNIX_STDIO_64 1
| #define VSI_LARGE_API_SUPPORTED 1
| #define VSI_FTELL64 ftello64
| #define VSI_FSEEK64 fseeko64
| #define VSI_STAT64 stat64
| #define VSI_STAT64_T stat64
| #define VSI_FOPEN64 fopen64
| #define SIZEOF_INT 4
| #define SIZEOF_LONG 4
| #define SIZEOF_UNSIGNED_LONG 4
| #define SIZEOF_VOIDP 4
| /* end confdefs.h.  */
| 
| #if HAVE_INTTYPES_H
| # include <inttypes.h>
| #endif
| 
| 
| typedef int32 ac__type_new_;
| int
| main ()
| {
| if ((ac__type_new_ *) 0)
|   return 0;
| if (sizeof (ac__type_new_))
|   return 0;
|   ;
|   return 0;
| }
configure:18278: result: no
configure:18297: checking native cpu bit order
configure:18302: result: lsb2msb
configure:18321: checking for vprintf
configure:18377: gcc -o conftest -g -O2 -fPIC   conftest.c -lm -lrt -ldl  >&5
conftest.c:71: warning: conflicting types for built-in function 'vprintf'
configure:18383: $? = 0
configure:18401: result: yes
configure:18408: checking for _doprnt
configure:18464: gcc -o conftest -g -O2 -fPIC   conftest.c -lm -lrt -ldl  >&5
/tmp/ccASp7Xc.o: In function `main':
/major/aeheathc/LaharPlot/lib/gdal-1.6.0/conftest.c:83: undefined reference to `_doprnt'
collect2: ld returned 1 exit status
configure:18470: $? = 1
configure: failed program was:
| /* confdefs.h.  */
| #define PACKAGE_NAME ""
| #define PACKAGE_TARNAME ""
| #define PACKAGE_VERSION ""
| #define PACKAGE_STRING ""
| #define PACKAGE_BUGREPORT ""
| #define STDC_HEADERS 1
| #define HAVE_SYS_TYPES_H 1
| #define HAVE_SYS_STAT_H 1
| #define HAVE_STDLIB_H 1
| #define HAVE_STRING_H 1
| #define HAVE_MEMORY_H 1
| #define HAVE_STRINGS_H 1
| #define HAVE_INTTYPES_H 1
| #define HAVE_STDINT_H 1
| #define HAVE_UNISTD_H 1
| #define HAVE_DLFCN_H 1
| #define LT_OBJDIR ".libs/"
| #define HAVE_LIBDL 1
| #define HAVE_LIBRT 1
| #define HAVE_LIBM 1
| #define STDC_HEADERS 1
| #define HAVE_ASSERT_H 1
| #define HAVE_FCNTL_H 1
| #define HAVE_UNISTD_H 1
| #define HAVE_DLFCN_H 1
| #define HAVE_STDINT_H 1
| #define HAVE_LIMITS_H 1
| #define HAVE_LOCALE_H 1
| #define HAVE_VALUES_H 1
| #define HAVE_FLOAT_H 1
| #define HAVE_ERRNO_H 1
| #define HAVE_LONG_LONG 1
| #define UNIX_STDIO_64 1
| #define VSI_LARGE_API_SUPPORTED 1
| #define VSI_FTELL64 ftello64
| #define VSI_FSEEK64 fseeko64
| #define VSI_STAT64 stat64
| #define VSI_STAT64_T stat64
| #define VSI_FOPEN64 fopen64
| #define SIZEOF_INT 4
| #define SIZEOF_LONG 4
| #define SIZEOF_UNSIGNED_LONG 4
| #define SIZEOF_VOIDP 4
| #define HAVE_IEEEFP 1
| #define HOST_FILLORDER FILLORDER_LSB2MSB
| #define HAVE_VPRINTF 1
| /* end confdefs.h.  */
| /* Define _doprnt to an innocuous variant, in case <limits.h> declares _doprnt.
|    For example, HP-UX 11i <limits.h> declares gettimeofday.  */
| #define _doprnt innocuous__doprnt
| 
| /* System header to define __stub macros and hopefully few prototypes,
|     which can conflict with char _doprnt (); below.
|     Prefer <limits.h> to <assert.h> if __STDC__ is defined, since
|     <limits.h> exists even on freestanding compilers.  */
| 
| #ifdef __STDC__
| # include <limits.h>
| #else
| # include <assert.h>
| #endif
| 
| #undef _doprnt
| 
| /* Override any GCC internal prototype to avoid an error.
|    Use char because int might match the return type of a GCC
|    builtin and then its argument prototype would still apply.  */
| #ifdef __cplusplus
| extern "C"
| #endif
| char _doprnt ();
| /* The GNU C library defines this for functions which it implements
|     to always fail with ENOSYS.  Some functions are actually named
|     something starting with __ and the normal name is an alias.  */
| #if defined __stub__doprnt || defined __stub____doprnt
| choke me
| #endif
| 
| int
| main ()
| {
| return _doprnt ();
|   ;
|   return 0;
| }
configure:18487: result: no
configure:18506: checking for snprintf
configure:18562: gcc -o conftest -g -O2 -fPIC   conftest.c -lm -lrt -ldl  >&5
conftest.c:72: warning: conflicting types for built-in function 'snprintf'
configure:18568: $? = 0
configure:18586: result: yes
configure:18506: checking for vsnprintf
configure:18562: gcc -o conftest -g -O2 -fPIC   conftest.c -lm -lrt -ldl  >&5
conftest.c:73: warning: conflicting types for built-in function 'vsnprintf'
configure:18568: $? = 0
configure:18586: result: yes
configure:18600: checking for atoll
configure:18656: gcc -o conftest -g -O2 -fPIC   conftest.c -lm -lrt -ldl  >&5
configure:18662: $? = 0
configure:18680: result: yes
configure:18694: checking for strtof
configure:18750: gcc -o conftest -g -O2 -fPIC   conftest.c -lm -lrt -ldl  >&5
configure:18756: $? = 0
configure:18774: result: yes
configure:18788: checking for getcwd
configure:18844: gcc -o conftest -g -O2 -fPIC   conftest.c -lm -lrt -ldl  >&5
configure:18850: $? = 0
configure:18868: result: yes
configure:18879: checking whether strtof is declared
configure:18908: gcc -c -g -O2 -fPIC  conftest.c >&5
conftest.c: In function 'main':
conftest.c:91: error: 'strtof' undeclared (first use in this function)
conftest.c:91: error: (Each undeclared identifier is reported only once
conftest.c:91: error: for each function it appears in.)
configure:18914: $? = 1
configure: failed program was:
| /* confdefs.h.  */
| #define PACKAGE_NAME ""
| #define PACKAGE_TARNAME ""
| #define PACKAGE_VERSION ""
| #define PACKAGE_STRING ""
| #define PACKAGE_BUGREPORT ""
| #define STDC_HEADERS 1
| #define HAVE_SYS_TYPES_H 1
| #define HAVE_SYS_STAT_H 1
| #define HAVE_STDLIB_H 1
| #define HAVE_STRING_H 1
| #define HAVE_MEMORY_H 1
| #define HAVE_STRINGS_H 1
| #define HAVE_INTTYPES_H 1
| #define HAVE_STDINT_H 1
| #define HAVE_UNISTD_H 1
| #define HAVE_DLFCN_H 1
| #define LT_OBJDIR ".libs/"
| #define HAVE_LIBDL 1
| #define HAVE_LIBRT 1
| #define HAVE_LIBM 1
| #define STDC_HEADERS 1
| #define HAVE_ASSERT_H 1
| #define HAVE_FCNTL_H 1
| #define HAVE_UNISTD_H 1
| #define HAVE_DLFCN_H 1
| #define HAVE_STDINT_H 1
| #define HAVE_LIMITS_H 1
| #define HAVE_LOCALE_H 1
| #define HAVE_VALUES_H 1
| #define HAVE_FLOAT_H 1
| #define HAVE_ERRNO_H 1
| #define HAVE_LONG_LONG 1
| #define UNIX_STDIO_64 1
| #define VSI_LARGE_API_SUPPORTED 1
| #define VSI_FTELL64 ftello64
| #define VSI_FSEEK64 fseeko64
| #define VSI_STAT64 stat64
| #define VSI_STAT64_T stat64
| #define VSI_FOPEN64 fopen64
| #define SIZEOF_INT 4
| #define SIZEOF_LONG 4
| #define SIZEOF_UNSIGNED_LONG 4
| #define SIZEOF_VOIDP 4
| #define HAVE_IEEEFP 1
| #define HOST_FILLORDER FILLORDER_LSB2MSB
| #define HAVE_VPRINTF 1
| #define HAVE_SNPRINTF 1
| #define HAVE_VSNPRINTF 1
| #define HAVE_ATOLL 1
| #define HAVE_STRTOF 1
| #define HAVE_GETCWD 1
| /* end confdefs.h.  */
| #include <stdio.h>
| #ifdef HAVE_SYS_TYPES_H
| # include <sys/types.h>
| #endif
| #ifdef HAVE_SYS_STAT_H
| # include <sys/stat.h>
| #endif
| #ifdef STDC_HEADERS
| # include <stdlib.h>
| # include <stddef.h>
| #else
| # ifdef HAVE_STDLIB_H
| #  include <stdlib.h>
| # endif
| #endif
| #ifdef HAVE_STRING_H
| # if !defined STDC_HEADERS && defined HAVE_MEMORY_H
| #  include <memory.h>
| # endif
| # include <string.h>
| #endif
| #ifdef HAVE_STRINGS_H
| # include <strings.h>
| #endif
| #ifdef HAVE_INTTYPES_H
| # include <inttypes.h>
| #endif
| #ifdef HAVE_STDINT_H
| # include <stdint.h>
| #endif
| #ifdef HAVE_UNISTD_H
| # include <unistd.h>
| #endif
| int
| main ()
| {
| #ifndef strtof
|   (void) strtof;
| #endif
| 
|   ;
|   return 0;
| }
configure:18929: result: no
configure:18955: checking for gmtime_r
configure:18988: g++ -o conftest -g -O2 -fPIC   conftest.cpp -lm -lrt -ldl  >&5
configure:18994: $? = 0
configure:19011: result: yes
configure:19014: checking for localtime_r
configure:19047: g++ -o conftest -g -O2 -fPIC   conftest.cpp -lm -lrt -ldl  >&5
configure:19053: $? = 0
configure:19070: result: yes
configure:19080: checking for setlocale
configure:19136: gcc -o conftest -g -O2 -fPIC   conftest.c -lm -lrt -ldl  >&5
configure:19142: $? = 0
configure:19159: result: yes
configure:19167: checking to enable debug build
configure:19197: result: no, CFLAGS="-g -O2 -fPIC"
configure:19213: checking whether we should hide internal symbols
configure:19225: result: yes
configure:19253: checking for local include/lib path
configure:19277: result: none
configure:19295: checking for pthread_create in -lpthread
configure:19330: gcc -o conftest -g -O2 -fPIC -fvisibility=hidden   conftest.c -lpthread  -lm -lrt -ldl  >&5
configure:19336: $? = 0
configure:19354: result: yes
configure:19715: result: using internal libz code.
configure:19778: checking for PostgreSQL
configure:19787: result: no
configure:20813: checking for png_set_IHDR in -lpng
configure:20848: gcc -o conftest -g -O2 -fPIC -fvisibility=hidden   conftest.c -lpng -lpthread -lm -lrt -ldl  -lpthread -lm -lrt -ldl  >&5
configure:20854: $? = 0
configure:20872: result: yes
configure:20895: checking png.h usability
configure:20912: gcc -c -g -O2 -fPIC -fvisibility=hidden  conftest.c >&5
configure:20918: $? = 0
configure:20932: result: yes
configure:20936: checking png.h presence
configure:20951: gcc -E  conftest.c
configure:20957: $? = 0
configure:20971: result: yes
configure:20999: checking for png.h
configure:21007: result: yes
configure:21663: checking for jpeg_read_scanlines in -ljpeg
configure:21698: gcc -o conftest -g -O2 -fPIC -fvisibility=hidden   conftest.c -ljpeg  -lpng -lpthread -lm -lrt -ldl  >&5
configure:21704: $? = 0
configure:21722: result: yes
configure:21745: checking jpeglib.h usability
configure:21762: gcc -c -g -O2 -fPIC -fvisibility=hidden  conftest.c >&5
configure:21768: $? = 0
configure:21782: result: yes
configure:21786: checking jpeglib.h presence
configure:21801: gcc -E  conftest.c
configure:21807: $? = 0
configure:21821: result: yes
configure:21849: checking for jpeglib.h
configure:21857: result: yes
configure:21876: checking for width_in_blocks in jpeglib.h
configure:21884: result: yes
configure:21940: checking for DGifOpenFileName in -lgif
configure:21975: gcc -o conftest -g -O2 -fPIC -fvisibility=hidden   conftest.c -lgif  -ljpeg -lpng -lpthread -lm -lrt -ldl  >&5
configure:21981: $? = 0
configure:21999: result: yes
configure:22159: checking for FMEObjects
configure:22164: result: disabled by user
configure:22789: JasPer (JPEG2000) support disabled.
configure:23311: checking for Kakadu JPEG2000 support
configure:23323: result: not requested.
configure:23367: MrSID support disabled.
configure:23511: checking for MSG
configure:23522: result: not requested
configure:23535: checking for BSB
configure:23542: result: disabled by user
configure:23885: checking if Oracle support is enabled
configure:23899: result: no
configure:23918: checking for GRIB
configure:23927: result: disabled by user
configure:24012: checking for MySQL
configure:24021: result: no
configure:24074: checking for Ingres
configure:24082: result: no
configure:24351: checking for Xerces C++ Parser
configure:24430: result: no
configure:24544: checking for Expat XML Parser headers in /usr/include
configure:24578: g++ -c -g -O2 -fPIC -fvisibility=hidden  -I/usr/include conftest.cpp >&5
configure:24584: $? = 0
configure:24592: result: found
configure:24617: checking for Expat XML Parser libraries
configure:24655: g++ -o conftest -g -O2 -fPIC -fvisibility=hidden  -I/usr/include  -L/usr/lib -lexpat conftest.cpp -lgif -ljpeg -lpng -lpthread -lm -lrt -ldl  -lexpat >&5
configure:24661: $? = 0
configure:24670: result: found
configure:24700: checking for Expat XML Parser
configure:24714: result: yes
configure:24723: checking if Expat XML Parser version is >= 1.95.0
configure:24760: result: yes
configure:24814: checking for SQLConnect in -lodbc
configure:24849: gcc -o conftest -g -O2 -fPIC -fvisibility=hidden   conftest.c -lodbc  -L/usr/lib -lexpat -lgif -ljpeg -lpng -lpthread -lm -lrt -ldl  >&5
configure:24855: $? = 0
configure:24873: result: yes
configure:24881: checking for SQLInstallDriverEx in -lodbcinst
configure:24916: gcc -o conftest -g -O2 -fPIC -fvisibility=hidden   conftest.c -lodbcinst  -L/usr/lib -lexpat -lgif -ljpeg -lpng -lpthread -lm -lrt -ldl  >&5
configure:24922: $? = 0
configure:24940: result: yes
configure:25313: checking if Oracle support is enabled
configure:25327: result: no
configure:25344: checking Checking for DODS
configure:25354: result: disabled
configure:25418: checking for curl-config
configure:25436: found /usr/bin/curl-config
configure:25449: result: /usr/bin/curl-config
configure:25464: result:         found libcurl version 7.18.2
configure:25526: checking for SQLite3 library >= 3.0.0
configure:25588: g++ -c -g -O2 -fPIC -fvisibility=hidden  -L/usr/lib conftest.cpp >&5
configure:25594: $? = 0
configure:25600: result: yes
configure:25673: checking Checking for DWGdirect
configure:25683: result: disabled
configure:25719: "IBM Informix DataBlade support disabled."
configure:25829: checking whether we should include ESRI SDE support...
configure:26315: result:         ESRI SDE support not requested.
configure:26352: checking for geos-config
configure:26383: result: no
configure:26624: checking whether to enable PAM
configure:26640: result: yes
configure:26649: checking how to link PROJ.4 library
configure:26662: result: link dynamically.
configure:27135: result: checking GDAL version information from gdal_version.h: 1.6.0
configure:27259: checking for perl bindings
configure:27266: result: disabled
configure:27278: checking for php bindings
configure:27285: result: disabled
configure:27297: checking for ruby bindings
configure:27304: result: disabled
configure:27316: checking for python bindings
configure:27339: result: disabled
configure:27356: checking for old-gen python bindings
configure:27735: result: disabled
configure:27773: creating ./config.status

## ---------------------- ##
## Running config.status. ##
## ---------------------- ##

This file was extended by config.status, which was
generated by GNU Autoconf 2.61.  Invocation command line was

  CONFIG_FILES    = 
  CONFIG_HEADERS  = 
  CONFIG_LINKS    = 
  CONFIG_COMMANDS = 
  $ ./config.status 

on elm

config.status:990: creating GDALmake.opt
config.status:1121: WARNING:  GDALmake.opt.in seems to ignore the --datarootdir setting
config.status:990: creating port/cpl_config.h
config.status:1253: port/cpl_config.h is unchanged
config.status:1266: executing libtool commands

## ---------------- ##
## Cache variables. ##
## ---------------- ##

ac_cv_build=i686-pc-linux-gnu
ac_cv_c_bigendian=no
ac_cv_c_compiler_gnu=yes
ac_cv_cflags_warn_all='-Wall -Wdeclaration-after-statement'
ac_cv_cxx_compiler_gnu=yes
ac_cv_cxxflags_warn_all=-Wall
ac_cv_env_CCC_set=
ac_cv_env_CCC_value=
ac_cv_env_CC_set=
ac_cv_env_CC_value=
ac_cv_env_CFLAGS_set=
ac_cv_env_CFLAGS_value=
ac_cv_env_CPPFLAGS_set=
ac_cv_env_CPPFLAGS_value=
ac_cv_env_CPP_set=
ac_cv_env_CPP_value=
ac_cv_env_CXXCPP_set=
ac_cv_env_CXXCPP_value=
ac_cv_env_CXXFLAGS_set=
ac_cv_env_CXXFLAGS_value=
ac_cv_env_CXX_set=
ac_cv_env_CXX_value=
ac_cv_env_LDFLAGS_set=
ac_cv_env_LDFLAGS_value=
ac_cv_env_LIBS_set=
ac_cv_env_LIBS_value=
ac_cv_env_build_alias_set=
ac_cv_env_build_alias_value=
ac_cv_env_host_alias_set=
ac_cv_env_host_alias_value=
ac_cv_env_target_alias_set=
ac_cv_env_target_alias_value=
ac_cv_func__doprnt=no
ac_cv_func_atoll=yes
ac_cv_func_fopen64=yes
ac_cv_func_getcwd=yes
ac_cv_func_gmtime_r=yes
ac_cv_func_localtime_r=yes
ac_cv_func_setlocale=yes
ac_cv_func_snprintf=yes
ac_cv_func_stat64=yes
ac_cv_func_strtof=yes
ac_cv_func_vprintf=yes
ac_cv_func_vsnprintf=yes
ac_cv_have_decl_strtof=no
ac_cv_header_assert_h=yes
ac_cv_header_dbmalloc_h=no
ac_cv_header_direct_h=no
ac_cv_header_dlfcn_h=yes
ac_cv_header_errno_h=yes
ac_cv_header_fcntl_h=yes
ac_cv_header_float_h=yes
ac_cv_header_inttypes_h=yes
ac_cv_header_jpeglib_h=yes
ac_cv_header_limits_h=yes
ac_cv_header_locale_h=yes
ac_cv_header_memory_h=yes
ac_cv_header_png_h=yes
ac_cv_header_stdc=yes
ac_cv_header_stdint_h=yes
ac_cv_header_stdlib_h=yes
ac_cv_header_string_h=yes
ac_cv_header_strings_h=yes
ac_cv_header_sys_stat_h=yes
ac_cv_header_sys_types_h=yes
ac_cv_header_unistd_h=yes
ac_cv_header_values_h=yes
ac_cv_host=i686-pc-linux-gnu
ac_cv_lib_dl_dlopen=yes
ac_cv_lib_gif_DGifOpenFileName=yes
ac_cv_lib_jpeg_jpeg_read_scanlines=yes
ac_cv_lib_m_sin=yes
ac_cv_lib_odbc_SQLConnect=yes
ac_cv_lib_odbcinst_SQLInstallDriverEx=yes
ac_cv_lib_png_png_set_IHDR=yes
ac_cv_lib_pthread_pthread_create=yes
ac_cv_lib_rt_nanosleep=yes
ac_cv_objext=o
ac_cv_path_EGREP='/bin/grep -E'
ac_cv_path_FGREP='/bin/grep -F'
ac_cv_path_GEOS_CONFIG=no
ac_cv_path_GREP=/bin/grep
ac_cv_path_LIBCURL_CONFIG=/usr/bin/curl-config
ac_cv_path_SED=/bin/sed
ac_cv_prog_CPP='gcc -E'
ac_cv_prog_CXXCPP='g++ -E'
ac_cv_prog_ac_ct_AR=ar
ac_cv_prog_ac_ct_CC=gcc
ac_cv_prog_ac_ct_CXX=g++
ac_cv_prog_ac_ct_RANLIB=ranlib
ac_cv_prog_ac_ct_STRIP=strip
ac_cv_prog_cc_c89=
ac_cv_prog_cc_g=yes
ac_cv_prog_cxx_g=yes
ac_cv_sizeof_int=4
ac_cv_sizeof_long=4
ac_cv_sizeof_unsigned_long=4
ac_cv_sizeof_voidp=4
ac_cv_target=i686-pc-linux-gnu
ac_cv_type_int16=no
ac_cv_type_int32=no
ac_cv_type_int8=no
ac_cv_type_int=yes
ac_cv_type_long=yes
ac_cv_type_unsigned_long=yes
ac_cv_type_voidp=yes
lt_cv_deplibs_check_method=pass_all
lt_cv_file_magic_cmd='$MAGIC_CMD'
lt_cv_file_magic_test_file=
lt_cv_ld_reload_flag=-r
lt_cv_nm_interface='BSD nm'
lt_cv_objdir=.libs
lt_cv_path_LD=/usr/bin/ld
lt_cv_path_LDCXX=/usr/bin/ld
lt_cv_path_NM='/usr/bin/nm -B'
lt_cv_prog_compiler_c_o=yes
lt_cv_prog_compiler_c_o_CXX=yes
lt_cv_prog_compiler_rtti_exceptions=no
lt_cv_prog_gnu_ld=yes
lt_cv_prog_gnu_ldcxx=yes
lt_cv_sys_global_symbol_pipe='sed -n -e '\''s/^.*[	 ]\([ABCDGIRSTW][ABCDGIRSTW]*\)[	 ][	 ]*\([_A-Za-z][_A-Za-z0-9]*\)$/\1 \2 \2/p'\'''
lt_cv_sys_global_symbol_to_c_name_address='sed -n -e '\''s/^: \([^ ]*\) $/  {\"\1\", (void *) 0},/p'\'' -e '\''s/^[ABCDGIRSTW]* \([^ ]*\) \([^ ]*\)$/  {"\2", (void *) \&\2},/p'\'''
lt_cv_sys_global_symbol_to_cdecl='sed -n -e '\''s/^T .* \(.*\)$/extern int \1();/p'\'' -e '\''s/^[ABCDGIRSTW]* .* \(.*\)$/extern char \1;/p'\'''
lt_cv_sys_max_cmd_len=32768

## ----------------- ##
## Output variables. ##
## ----------------- ##

AR='ar'
AS='as'
BINDINGS=''
BINTRUE='/bin/true'
CC='gcc'
CFLAGS='-g -O2 -fPIC -fvisibility=hidden'
CPP='gcc -E'
CPPFLAGS=''
CURL_INC=''
CURL_LIB='-lcurl  '
CURL_SETTING='yes'
CXX='g++'
CXXCPP='g++ -E'
CXXFLAGS='-g -O2 -fPIC -fvisibility=hidden'
CXX_WFLAGS=' -Wall'
C_WFLAGS=' -Wall -Wdeclaration-after-statement'
DEFS='-DHAVE_CONFIG_H'
DLLTOOL='dlltool'
DODS_INC=''
DUMPBIN=''
DWGDIRECT=''
DWG_PLT=''
ECHO_C=''
ECHO_N='-n'
ECHO_T=''
ECW_SETTING='no'
EGREP='/bin/grep -E'
EXEEXT=''
EXE_EXT=''
EXPAT_CFLAGS='-I/usr/include'
EXPAT_INCLUDE='-I/usr/include'
EXPAT_LDFLAGS='-L/usr/lib -lexpat'
EXPAT_VERSION='2.0.1'
EXTRA_INCLUDES=''
FGREP='/bin/grep -F'
FITS_SETTING='no'
GDAL_VER='1.6.0'
GDAL_VERSION_MAJOR='1'
GDAL_VERSION_MINOR='6'
GDAL_VERSION_REV='0'
GEOS_CFLAGS=''
GEOS_CONFIG='no'
GEOS_LIBS=''
GEOS_VERSION=''
GEOTIFF_INCLUDE=''
GEOTIFF_SETTING='internal'
GIF_SETTING='external'
GRASS_GISBASE=''
GRASS_INCLUDE=''
GRASS_SETTING='no'
GREP='/bin/grep'
HAVE_EXPAT='yes'
HAVE_GEOS=''
HAVE_GRASS='no'
HAVE_HDF4='no'
HAVE_HDF5='no'
HAVE_HIDE_INTERNAL_SYMBOLS='yes'
HAVE_IDB='no'
HAVE_INGRES='no'
HAVE_JASPER='no'
HAVE_LIBTOOL='no'
HAVE_MYSQL='no'
HAVE_NAS='no'
HAVE_NUMPY=''
HAVE_OCI='no'
HAVE_OGDI='no'
HAVE_OGPYTHON='no'
HAVE_PG='no'
HAVE_SQLITE='yes'
HAVE_XERCES='no'
HDF4_INCLUDE=''
HDF5_INCLUDE=''
IDB_INC=''
IDB_LIB=''
II_SYSTEM=''
INGRES_INC=''
INGRES_LIB=''
JASPER_FLAGS=''
JPEG_SETTING='external'
KAKDIR=''
LD='/usr/bin/ld'
LDFLAGS=''
LD_SHARED='/bin/true'
LIBCURL_CONFIG='/usr/bin/curl-config'
LIBOBJS=''
LIBS='-I/usr/include -lsqlite3 -lodbc -lodbcinst -L/usr/lib -lexpat -lgif -ljpeg -lpng -lpthread -lm -lrt -ldl '
LIBTOOL='$(SHELL) $(top_builddir)/libtool'
LIBZ_SETTING='internal'
LN_S='ln -s'
LTLIBOBJS=''
MACOSX_FRAMEWORK=''
MRSID_FLAGS=''
MRSID_INCLUDE=''
MRSID_LIBS=''
MYSQL_CONFIG='no'
MYSQL_INC=''
MYSQL_LIB=''
NETCDF_SETTING='no'
NM='/usr/bin/nm -B'
NUMPY_FLAG=''
OBJDUMP='objdump'
OBJEXT='o'
OCI_INCLUDE=''
ODBC_SETTING='yes'
OGDI_INCLUDE=''
OGR_ENABLED='yes'
OPT_GDAL_FORMATS='wcs wms gif jpeg png zlib '
ORACLE_OCI_CFLAGS=''
ORACLE_OCI_LDFLAGS=''
ORACLE_OCI_VERSION=''
PACKAGE_BUGREPORT=''
PACKAGE_NAME=''
PACKAGE_STRING=''
PACKAGE_TARNAME=''
PACKAGE_VERSION=''
PAM_SETTING='-DPAM_ENABLED'
PATH_SEPARATOR=':'
PCRASTER_SETTING='no'
PG_CONFIG='no'
PG_INC=''
PG_LIB=''
PNG_SETTING='external'
PROJ_INCLUDE=''
PROJ_STATIC='no'
PYTHON=''
PYTHON_CC=''
PYTHON_CFLAGS=''
PYTHON_DEV=''
PYTHON_INCLUDES=''
PYTHON_LIBS=''
PYTHON_LINK=''
PYTHON_OPT=''
PYTHON_SO=''
PY_HAVE_SETUPTOOLS=''
PY_LD_SHARED=''
PY_SO_EXT=''
RANLIB='ranlib'
SDE_ENABLED='no'
SDE_INC=''
SDE_LIB=''
SED='/bin/sed'
SHELL='/bin/sh'
SO_EXT='so'
SQLITE3_CFLAGS='-L/usr/lib'
SQLITE3_LDFLAGS='-I/usr/include -lsqlite3'
SQLITE3_VERSION='3.5.6'
SQLITE_INC='-L/usr/lib'
STRIP='strip'
TIFF_OPTS='-DBIGTIFF_SUPPORT'
TIFF_SETTING='internal'
XERCES_CFLAGS=''
XERCES_INCLUDE=''
XERCES_LDFLAGS=''
XERCES_VERSION=''
X_FME_HOME=''
ac_ct_CC='gcc'
ac_ct_CXX='g++'
ac_ct_DUMPBIN=''
bindir='${exec_prefix}/bin'
build='i686-pc-linux-gnu'
build_alias=''
build_cpu='i686'
build_os='linux-gnu'
build_vendor='pc'
datadir='${datarootdir}'
datarootdir='${prefix}/share/gdal'
docdir='${datarootdir}/doc/${PACKAGE}'
dvidir='${docdir}'
exec_prefix='${prefix}'
host='i686-pc-linux-gnu'
host_alias=''
host_cpu='i686'
host_os='linux-gnu'
host_vendor='pc'
htmldir='${docdir}'
includedir='${prefix}/include'
infodir='${datarootdir}/info'
libdir='${exec_prefix}/lib'
libexecdir='${exec_prefix}/libexec'
localedir='${datarootdir}/locale'
localstatedir='${prefix}/var'
lt_ECHO='echo'
mandir='${datarootdir}/man'
oldincludedir='/usr/include'
pdfdir='${docdir}'
prefix='/major/aeheathc/lib/gdal'
program_transform_name='s,x,x,'
psdir='${docdir}'
pyexecdir=''
pymoddir=''
pythondir=''
sbindir='${exec_prefix}/sbin'
sharedstatedir='${prefix}/com'
sysconfdir='${prefix}/etc'
target='i686-pc-linux-gnu'
target_alias=''
target_cpu='i686'
target_os='linux-gnu'
target_vendor='pc'

## ----------- ##
## confdefs.h. ##
## ----------- ##

#define PACKAGE_NAME ""
#define PACKAGE_TARNAME ""
#define PACKAGE_VERSION ""
#define PACKAGE_STRING ""
#define PACKAGE_BUGREPORT ""
#define STDC_HEADERS 1
#define HAVE_SYS_TYPES_H 1
#define HAVE_SYS_STAT_H 1
#define HAVE_STDLIB_H 1
#define HAVE_STRING_H 1
#define HAVE_MEMORY_H 1
#define HAVE_STRINGS_H 1
#define HAVE_INTTYPES_H 1
#define HAVE_STDINT_H 1
#define HAVE_UNISTD_H 1
#define HAVE_DLFCN_H 1
#define LT_OBJDIR ".libs/"
#define HAVE_LIBDL 1
#define HAVE_LIBRT 1
#define HAVE_LIBM 1
#define STDC_HEADERS 1
#define HAVE_ASSERT_H 1
#define HAVE_FCNTL_H 1
#define HAVE_UNISTD_H 1
#define HAVE_DLFCN_H 1
#define HAVE_STDINT_H 1
#define HAVE_LIMITS_H 1
#define HAVE_LOCALE_H 1
#define HAVE_VALUES_H 1
#define HAVE_FLOAT_H 1
#define HAVE_ERRNO_H 1
#define HAVE_LONG_LONG 1
#define UNIX_STDIO_64 1
#define VSI_LARGE_API_SUPPORTED 1
#define VSI_FTELL64 ftello64
#define VSI_FSEEK64 fseeko64
#define VSI_STAT64 stat64
#define VSI_STAT64_T stat64
#define VSI_FOPEN64 fopen64
#define SIZEOF_INT 4
#define SIZEOF_LONG 4
#define SIZEOF_UNSIGNED_LONG 4
#define SIZEOF_VOIDP 4
#define HAVE_IEEEFP 1
#define HOST_FILLORDER FILLORDER_LSB2MSB
#define HAVE_VPRINTF 1
#define HAVE_SNPRINTF 1
#define HAVE_VSNPRINTF 1
#define HAVE_ATOLL 1
#define HAVE_STRTOF 1
#define HAVE_GETCWD 1
#define HAVE_DECL_STRTOF 0
#define USE_GCC_VISIBILITY_FLAG 1
#define CPL_MULTIPROC_PTHREAD 1
#define HAVE_PNG_H 1
#define HAVE_JPEGLIB_H 1
#define GDAL_PREFIX "/major/aeheathc/lib/gdal"

configure: exit 0
